SF:C:\workspace\schule\m323\SalamanderBraski\Board.js
FN:26,Board
FN:41,of
FN:61,validMoves
FN:99,play
FN:150,result
FN:175,copy
FN:187,adjacentOf
FN:213,fieldsWithState
FN:225,opponent
FN:234,isValidMove
FNDA:10,Board
FNDA:10,of
FNDA:0,validMoves
FNDA:0,play
FNDA:4,result
FNDA:0,copy
FNDA:0,adjacentOf
FNDA:12,fieldsWithState
FNDA:0,opponent
FNDA:6,isValidMove
FNF:10
FNH:5
BRDA:28,1,0,80
BRDA:30,1,1,640
BRDA:43,3,0,0
BRDA:46,3,1,80
BRDA:48,3,2,0
BRDA:51,3,3,640
BRDA:52,3,4,255
BRDA:52,3,5,127
BRDA:52,3,6,0
BRDA:157,6,0,3
BRDA:158,6,1,1
BRDA:160,6,2,2
BRDA:160,6,3,1
BRDA:215,9,0,96
BRDA:216,9,1,768
BRDA:217,9,2,256
BRDA:235,11,0,1
BRDA:235,11,1,1
BRDA:235,11,2,5
BRDA:236,11,3,0
BRDA:236,11,4,5
BRDA:237,11,5,4
BRDA:237,11,6,4
BRDA:237,11,7,4
BRDA:237,11,8,2
BRDA:237,11,9,3
BRDA:238,11,10,1
BRDA:238,11,11,2
BRDA:239,11,12,0
BRDA:244,11,13,10
BRDA:248,11,14,8
BRDA:248,11,15,8
BRDA:248,11,16,6
BRDA:248,11,17,6
BRDA:248,11,18,1
BRDA:253,11,19,1
BRDA:253,11,20,1
BRDA:253,11,21,1
BRDA:253,11,22,1
BRDA:253,11,23,1
BRDA:253,11,24,1
BRDA:254,11,25,1
BRF:42
BRH:37
DA:1,2
DA:2,1
DA:3,2
DA:4,2
DA:5,2
DA:6,1
DA:7,2
DA:8,2
DA:9,2
DA:10,2
DA:11,2
DA:12,2
DA:13,1
DA:14,2
DA:15,2
DA:16,2
DA:17,2
DA:18,2
DA:19,2
DA:20,2
DA:21,2
DA:22,2
DA:23,2
DA:24,1
DA:25,2
DA:26,2
DA:27,12
DA:28,12
DA:29,92
DA:30,92
DA:31,732
DA:32,732
DA:33,92
DA:34,92
DA:35,12
DA:36,52
DA:37,12
DA:38,12
DA:39,12
DA:40,1
DA:41,2
DA:42,12
DA:43,0
DA:44,0
DA:45,0
DA:46,12
DA:47,92
DA:48,0
DA:49,0
DA:50,0
DA:51,92
DA:52,0
DA:53,0
DA:54,0
DA:55,732
DA:56,92
DA:57,12
DA:58,12
DA:59,12
DA:60,1
DA:61,0
DA:62,0
DA:63,0
DA:64,0
DA:65,0
DA:66,0
DA:67,0
DA:68,0
DA:69,0
DA:70,0
DA:71,0
DA:72,0
DA:73,0
DA:74,0
DA:75,0
DA:76,0
DA:77,0
DA:78,0
DA:79,0
DA:80,0
DA:81,0
DA:82,0
DA:83,0
DA:84,0
DA:85,0
DA:86,0
DA:87,0
DA:88,0
DA:89,0
DA:90,0
DA:91,0
DA:92,0
DA:93,0
DA:94,0
DA:95,0
DA:96,0
DA:97,0
DA:98,1
DA:99,0
DA:100,0
DA:101,0
DA:102,0
DA:103,0
DA:104,0
DA:105,0
DA:106,0
DA:107,0
DA:108,0
DA:109,0
DA:110,0
DA:111,0
DA:112,0
DA:113,0
DA:114,0
DA:115,0
DA:116,0
DA:117,0
DA:118,0
DA:119,0
DA:120,0
DA:121,0
DA:122,0
DA:123,0
DA:124,0
DA:125,0
DA:126,0
DA:127,0
DA:128,0
DA:129,0
DA:130,0
DA:131,0
DA:132,0
DA:133,0
DA:134,0
DA:135,0
DA:136,0
DA:137,0
DA:138,0
DA:139,0
DA:140,0
DA:141,0
DA:142,0
DA:143,0
DA:144,0
DA:145,0
DA:146,0
DA:147,0
DA:148,0
DA:149,1
DA:150,2
DA:151,6
DA:152,6
DA:153,6
DA:154,6
DA:155,6
DA:156,6
DA:157,6
DA:158,9
DA:159,10
DA:160,9
DA:161,12
DA:162,12
DA:163,12
DA:164,12
DA:165,9
DA:166,6
DA:167,6
DA:168,6
DA:169,6
DA:170,6
DA:171,6
DA:172,6
DA:173,6
DA:174,1
DA:175,0
DA:176,0
DA:177,0
DA:178,0
DA:179,0
DA:180,0
DA:181,0
DA:182,0
DA:183,0
DA:184,0
DA:185,0
DA:186,1
DA:187,0
DA:188,0
DA:189,0
DA:190,0
DA:191,0
DA:192,0
DA:193,0
DA:194,0
DA:195,0
DA:196,0
DA:197,0
DA:198,0
DA:199,0
DA:200,0
DA:201,0
DA:202,0
DA:203,0
DA:204,0
DA:205,0
DA:206,0
DA:207,0
DA:208,0
DA:209,0
DA:210,0
DA:211,0
DA:212,1
DA:213,2
DA:214,14
DA:215,14
DA:216,110
DA:217,878
DA:218,1134
DA:219,1134
DA:220,878
DA:221,110
DA:222,14
DA:223,14
DA:224,1
DA:225,0
DA:226,0
DA:227,0
DA:228,0
DA:229,0
DA:230,0
DA:231,0
DA:232,0
DA:233,1
DA:234,2
DA:235,8
DA:236,0
DA:237,8
DA:238,8
DA:239,0
DA:240,8
DA:241,8
DA:242,8
DA:243,8
DA:244,8
DA:245,18
DA:246,18
DA:247,18
DA:248,18
DA:249,19
DA:250,19
DA:251,19
DA:252,19
DA:253,18
DA:254,18
DA:255,9
DA:256,8
DA:257,1
DA:258,2
DA:259,1
LH:117
LF:259
end_of_record
